<?xml version="1.0" encoding="UTF-8"?>
<!-- Generated by org.testng.reporters.JUnitReportReporter -->
<testsuite hostname="DESKTOP-ENSFD6T" failures="0" tests="2" name="com.qa.basicsTestng.Testclass" time="54.266" errors="0" timestamp="2022-05-30T21:09:21 IST" skipped="0">
  <testcase classname="com.qa.basicsTestng.Testclass" name="TestGoogle" time="34.056"/>
  <system-out/>
  <testcase classname="com.qa.basicsTestng.Testclass" name="TestFacebook" time="20.210"/>
  <system-out/>
</testsuite> <!-- com.qa.basicsTestng.Testclass -->
