<?xml version="1.0" encoding="UTF-8"?>
<!-- Generated by org.testng.reporters.JUnitReportReporter -->
<testsuite hostname="DESKTOP-ENSFD6T" failures="0" tests="4" name="com.qa.basicsTestng.Orangehrm" time="64.818" errors="0" timestamp="2022-06-02T19:21:12 IST" skipped="0">
  <testcase classname="com.qa.basicsTestng.Orangehrm" name="MyInfo" time="3.670"/>
  <system-out/>
  <testcase classname="com.qa.basicsTestng.Orangehrm" name="VerifyLogin" time="2.198"/>
  <system-out/>
  <testcase classname="com.qa.basicsTestng.Orangehrm" name="BasicUrl" time="46.902"/>
  <system-out/>
  <testcase classname="com.qa.basicsTestng.Orangehrm" name="LoginDetails" time="12.048"/>
  <system-out/>
</testsuite> <!-- com.qa.basicsTestng.Orangehrm -->
