<?xml version="1.0" encoding="UTF-8"?>
<!-- Generated by org.testng.reporters.JUnitReportReporter -->
<testsuite hostname="DESKTOP-ENSFD6T" failures="0" tests="2" name="com.qa.basicsTestng.NewTest1" time="0.019" errors="0" timestamp="2022-06-03T23:06:40 IST" skipped="0">
  <testcase classname="com.qa.basicsTestng.NewTest1" name="testmethod1" time="0.012"/>
  <system-out/>
  <testcase classname="com.qa.basicsTestng.NewTest1" name="testmethod2" time="0.007"/>
  <system-out/>
</testsuite> <!-- com.qa.basicsTestng.NewTest1 -->
